 
<!DOCTYPE struts PUBLIC "-//Apache Software Foundation//DTD Struts Configuration 2.0//EN"
"http://struts.apache.org/dtds/struts-2.0.dtd">

<struts>

	<constant name="struts.enable.DynamicMethodInvocation" value="true" />
	<constant name="struts.devMode" value="true" />
	<constant name="struts.configuration.xml.reload" value="true" />
	<constant name="struts.i18n.reload" value="false" />
	<constant name="struts.freemarker.templatesCache" value="false" />

	<constant name="struts.action.extension" value="do" />

	<constant name="arianna:maxCrumbs" value="4" />

	<package name="advanced_tests" extends="struts-default" namespace="/AT">
		<interceptors>
			<interceptor name="breadCrumbs" class="org.softwareforge.struts2.breadcrumb.BreadCrumbInterceptor">
				<param name="defaultRewindMode">NEVER</param>
				<param name="defaultComparator">org.softwareforge.struts2.breadcrumb.NameComparator</param>
			</interceptor>

			<interceptor-stack name="testStack">
				<interceptor-ref name="defaultStack" />
				<interceptor-ref name="breadCrumbs" />
			</interceptor-stack>
		</interceptors>

		<default-interceptor-ref name="testStack" />

	</package>

	<package name="test" extends="struts-default" namespace="/">
		<interceptors>
			<interceptor name="breadCrumbs" class="org.softwareforge.struts2.breadcrumb.BreadCrumbInterceptor">
				<param name="defaultRewindMode">NEVER</param>
				<param name="defaultComparator">org.softwareforge.struts2.breadcrumb.NameComparator</param>
			</interceptor>

			<interceptor-stack name="testStack">
				<interceptor-ref name="defaultStack" />
				<interceptor-ref name="breadCrumbs" />
			</interceptor-stack>
		</interceptors>

		<default-interceptor-ref name="testStack" />

		<action name="c-*" class="actions.{1}">
			<result>pippo.jsp</result>
		</action>


		<action name="t-thread1" class="actions.ThreadJoinAction" method='thread1'>
			<result>pippo.jsp</result>
		</action>

		<action name="t-thread2" class="actions.ThreadJoinAction" method='thread2'>
			<result>pippo.jsp</result>
		</action>

	</package>

	<package name="redefintions" extends="struts-default" namespace="/R">
		<interceptors>
			<interceptor name="breadCrumbs" class="org.softwareforge.struts2.breadcrumb.BreadCrumbInterceptor">
				<param name="defaultRewindMode">NEVER</param>
				<param name="defaultComparator">org.softwareforge.struts2.breadcrumb.NameComparator</param>
			</interceptor>

			<interceptor-stack name="testStack">
				<interceptor-ref name="defaultStack" />
				<interceptor-ref name="breadCrumbs" />
			</interceptor-stack>
		</interceptors>

		<default-interceptor-ref name="testStack" />
 <!-- 
        <action name="inspect0" class='actions.InspectingAction'>
        </action>
 -->
		<action name="inspect1" class='actions.InspectingAction'>
			<interceptor-ref name="breadCrumbs">
				<param name="defaultRewindMode">AUTO</param>
			</interceptor-ref>
		</action>

		<action name="inspect2" class='actions.InspectingAction'>
			<interceptor-ref name="breadCrumbs">
				<param name="defaultRewindMode">NEVER</param>
			</interceptor-ref>
		</action>


	</package>


</struts>